<?xml version="1.0" encoding="utf-8" standalone="no"?>
<!--This file represents the results of running a test suite-->
<test-results name="C:\Documents and Settings\montoyaa\My Documents\3DR_Testing\3DR_Testing\bin\Release\3DR_Testing.dll" total="1" errors="1" failures="0" not-run="0" inconclusive="0" ignored="0" skipped="0" invalid="0" date="2011-01-21" time="15:22:43">
  <environment nunit-version="2.5.9.10348" clr-version="2.0.50727.3615" os-version="Microsoft Windows NT 5.1.2600 Service Pack 3" platform="Win32NT" cwd="C:\Program Files\NUnit 2.5.9\bin\net-2.0" machine-name="ORL-MILLSJ" user="montoyaa" user-domain="ADL" />
  <culture-info current-culture="en-US" current-uiculture="en-US" />
  <test-suite type="Assembly" name="C:\Documents and Settings\montoyaa\My Documents\3DR_Testing\3DR_Testing\bin\Release\3DR_Testing.dll" executed="True" result="Failure" success="False" time="9.453" asserts="0">
    <results>
      <test-suite type="Namespace" name="_3DR_Uploading" executed="True" result="Failure" success="False" time="9.453" asserts="0">
        <results>
          <test-suite type="Namespace" name="NewUploadAll" executed="True" result="Failure" success="False" time="9.453" asserts="0">
            <results>
              <test-suite type="TestFixture" name="NewUploadTest" executed="True" result="Failure" success="False" time="9.438" asserts="0">
                <results>
                  <test-suite type="ParameterizedTest" name="TestUpload" executed="True" result="Failure" success="False" time="9.422" asserts="0">
                    <results>
                      <test-case name="_3DR_Uploading.NewUploadAll.NewUploadTest.TestUpload(&quot;SU27.zip&quot;)" executed="True" result="Error" success="False" time="9.422" asserts="1">
                        <failure>
                          <message><![CDATA[System.ComponentModel.Win32Exception : The system cannot find the file specified]]></message>
                          <stack-trace><![CDATA[at System.Diagnostics.Process.StartWithCreateProcess(ProcessStartInfo startInfo)
at System.Diagnostics.Process.Start()
at System.Diagnostics.Process.Start(ProcessStartInfo startInfo)
at _3DR_Uploading.NewUploadAll.NewUploadTest.UploadFile(String filename, String browserType) in C:\Documents and Settings\montoyaa\My Documents\3DR_Testing\3DR_Testing\NewUploadTest.cs:line 130
at _3DR_Uploading.NewUploadAll.NewUploadTest.TestUpload(String filename) in C:\Documents and Settings\montoyaa\My Documents\3DR_Testing\3DR_Testing\NewUploadTest.cs:line 81
]]></stack-trace>
                        </failure>
                      </test-case>
                    </results>
                  </test-suite>
                </results>
              </test-suite>
            </results>
          </test-suite>
        </results>
      </test-suite>
    </results>
  </test-suite>
</test-results>