<?xml version="1.0" encoding="utf-8" standalone="no"?>
<!--This file represents the results of running a test suite-->
<test-results name="C:\Documents and Settings\montoyaa\My Documents\3dr trunk UPLOAD\3dr\testing\3DR_Testing\bin\Release\3DR_Testing.dll" total="2" errors="1" failures="0" not-run="0" inconclusive="0" ignored="0" skipped="0" invalid="0" date="2011-01-24" time="15:47:36">
  <environment nunit-version="2.5.9.10348" clr-version="2.0.50727.3615" os-version="Microsoft Windows NT 5.1.2600 Service Pack 3" platform="Win32NT" cwd="C:\Program Files\NUnit 2.5.9\bin\net-2.0" machine-name="ORL-MILLSJ" user="montoyaa" user-domain="ADL" />
  <culture-info current-culture="en-US" current-uiculture="en-US" />
  <test-suite type="Assembly" name="C:\Documents and Settings\montoyaa\My Documents\3dr trunk UPLOAD\3dr\testing\3DR_Testing\bin\Release\3DR_Testing.dll" executed="False" result="Cancelled">
    <results>
      <test-suite type="Namespace" name="_3DR_Uploading" executed="False" result="Cancelled">
        <results>
          <test-suite type="Namespace" name="NewUploadAll" executed="False" result="Cancelled">
            <results>
              <test-suite type="TestFixture" name="NewUploadTest" executed="False" result="Cancelled">
                <results>
                  <test-suite type="ParameterizedTest" name="TestUpload" executed="False" result="Cancelled">
                    <results>
                      <test-case name="_3DR_Uploading.NewUploadAll.NewUploadTest.TestUpload(&quot;SU27.zip&quot;)" executed="True" result="Success" success="True" time="18.844" asserts="12" />
                      <test-case name="_3DR_Uploading.NewUploadAll.NewUploadTest.TestUpload(&quot;M249SaW.zip&quot;)" executed="False" result="Cancelled">
                        <failure>
                          <message><![CDATA[Test cancelled by user]]></message>
                          <stack-trace><![CDATA[at System.RuntimeMethodHandle._InvokeMethodFast(Object target, Object[] arguments, SignatureStruct& sig, MethodAttributes methodAttributes, RuntimeTypeHandle typeOwner)
at System.RuntimeMethodHandle.InvokeMethodFast(Object target, Object[] arguments, Signature sig, MethodAttributes methodAttributes, RuntimeTypeHandle typeOwner)
at System.Reflection.RuntimeMethodInfo.Invoke(Object obj, BindingFlags invokeAttr, Binder binder, Object[] parameters, CultureInfo culture, Boolean skipVisibilityChecks)
at System.Reflection.RuntimeMethodInfo.Invoke(Object obj, BindingFlags invokeAttr, Binder binder, Object[] parameters, CultureInfo culture)
at NUnit.Core.Reflect.InvokeMethod(MethodInfo method, Object fixture, Object[] args)
at NUnit.Core.TestMethod.RunTestMethod(TestResult testResult)
at NUnit.Core.TestMethod.RunTestCase(TestResult testResult)
]]></stack-trace>
                        </failure>
                      </test-case>
                    </results>
                  </test-suite>
                </results>
              </test-suite>
            </results>
          </test-suite>
        </results>
      </test-suite>
    </results>
  </test-suite>
</test-results>