<?xml version="1.0" encoding="utf-8" standalone="no"?>
<!--This file represents the results of running a test suite-->
<test-results name="C:\Documents and Settings\montoyaa\My Documents\3dr trunk UPLOAD\3dr\testing\3DR_Testing\bin\Release\3DR_Testing.dll" total="52" errors="7" failures="4" not-run="0" inconclusive="0" ignored="0" skipped="0" invalid="0" date="2011-02-16" time="18:55:45">
  <environment nunit-version="2.5.9.10348" clr-version="2.0.50727.3615" os-version="Microsoft Windows NT 5.1.2600 Service Pack 3" platform="Win32NT" cwd="C:\Program Files\NUnit 2.5.9\bin\net-2.0" machine-name="ORL-MILLSJ" user="montoyaa" user-domain="ADL" />
  <culture-info current-culture="en-US" current-uiculture="en-US" />
  <test-suite type="Assembly" name="C:\Documents and Settings\montoyaa\My Documents\3dr trunk UPLOAD\3dr\testing\3DR_Testing\bin\Release\3DR_Testing.dll" executed="True" result="Failure" success="False" time="2403.683" asserts="0">
    <results>
      <test-suite type="Namespace" name="_3DR_Testing" executed="True" result="Failure" success="False" time="2403.651" asserts="0">
        <results>
          <test-suite type="TestFixture" name="GeneralUploadTest" executed="True" result="Failure" success="False" time="2403.651" asserts="0">
            <results>
              <test-suite type="ParameterizedTest" name="RegularUpload" executed="True" result="Failure" success="False" time="2403.636" asserts="0">
                <results>
                  <test-case name="_3DR_Testing.GeneralUploadTest.RegularUpload(&quot;40ftContainer.zip&quot;)" executed="True" result="Failure" success="False" time="63.847" asserts="5">
                    <failure>
                      <message><![CDATA[  Expected: True
  But was:  False
]]></message>
                      <stack-trace><![CDATA[at _3DR_Testing.UploadTest.TestUpload(String filename) in C:\Documents and Settings\montoyaa\My Documents\3dr trunk UPLOAD\3dr\testing\3DR_Testing\UploadTest.cs:line 275
at _3DR_Testing.GeneralUploadTest.RegularUpload(String mFileToUpload) in C:\Documents and Settings\montoyaa\My Documents\3dr trunk UPLOAD\3dr\testing\3DR_Testing\GeneralUploadTest.cs:line 69
]]></stack-trace>
                    </failure>
                  </test-case>
                  <test-case name="_3DR_Testing.GeneralUploadTest.RegularUpload(&quot;AH1_Cobra.zip&quot;)" executed="True" result="Success" success="True" time="44.080" asserts="12" />
                  <test-case name="_3DR_Testing.GeneralUploadTest.RegularUpload(&quot;bellAugusta.zip&quot;)" executed="True" result="Success" success="True" time="41.721" asserts="12" />
                  <test-case name="_3DR_Testing.GeneralUploadTest.RegularUpload(&quot;blackhawk2.zip&quot;)" executed="True" result="Success" success="True" time="56.534" asserts="12" />
                  <test-case name="_3DR_Testing.GeneralUploadTest.RegularUpload(&quot;box.zip&quot;)" executed="True" result="Success" success="True" time="38.406" asserts="12" />
                  <test-case name="_3DR_Testing.GeneralUploadTest.RegularUpload(&quot;briefcase.zip&quot;)" executed="True" result="Success" success="True" time="45.935" asserts="12" />
                  <test-case name="_3DR_Testing.GeneralUploadTest.RegularUpload(&quot;Chain_linked_fence.zip&quot;)" executed="True" result="Success" success="True" time="36.998" asserts="12" />
                  <test-case name="_3DR_Testing.GeneralUploadTest.RegularUpload(&quot;Cruiseship.zip&quot;)" executed="True" result="Success" success="True" time="39.639" asserts="12" />
                  <test-case name="_3DR_Testing.GeneralUploadTest.RegularUpload(&quot;DeltaFlyer.zip&quot;)" executed="True" result="Success" success="True" time="40.045" asserts="12" />
                  <test-case name="_3DR_Testing.GeneralUploadTest.RegularUpload(&quot;duffle_bag.zip&quot;)" executed="True" result="Success" success="True" time="46.982" asserts="12" />
                  <test-case name="_3DR_Testing.GeneralUploadTest.RegularUpload(&quot;Huey.zip&quot;)" executed="True" result="Success" success="True" time="36.842" asserts="12" />
                  <test-case name="_3DR_Testing.GeneralUploadTest.RegularUpload(&quot;LCS-FreedomVar.zip&quot;)" executed="True" result="Error" success="False" time="36.311" asserts="4">
                    <failure>
                      <message><![CDATA[Selenium.SeleniumException : ERROR: There was an unexpected Alert! [ERROR: Invalid object; perhaps it's been destroyed already?]]]></message>
                      <stack-trace><![CDATA[at Selenium.HttpCommandProcessor.DoCommand(String command, String[] args)
at Selenium.DefaultSelenium.Type(String locator, String value)
at _3DR_Testing.UploadTest.TestUpload(String filename) in C:\Documents and Settings\montoyaa\My Documents\3dr trunk UPLOAD\3dr\testing\3DR_Testing\UploadTest.cs:line 262
at _3DR_Testing.GeneralUploadTest.RegularUpload(String mFileToUpload) in C:\Documents and Settings\montoyaa\My Documents\3dr trunk UPLOAD\3dr\testing\3DR_Testing\GeneralUploadTest.cs:line 69
]]></stack-trace>
                    </failure>
                  </test-case>
                  <test-case name="_3DR_Testing.GeneralUploadTest.RegularUpload(&quot;M1_2.zip&quot;)" executed="True" result="Success" success="True" time="18.780" asserts="2" />
                  <test-case name="_3DR_Testing.GeneralUploadTest.RegularUpload(&quot;M939.zip&quot;)" executed="True" result="Success" success="True" time="38.294" asserts="12" />
                  <test-case name="_3DR_Testing.GeneralUploadTest.RegularUpload(&quot;RadDetector.zip&quot;)" executed="True" result="Failure" success="False" time="39.747" asserts="5">
                    <failure>
                      <message><![CDATA[  Expected: True
  But was:  False
]]></message>
                      <stack-trace><![CDATA[at _3DR_Testing.UploadTest.TestUpload(String filename) in C:\Documents and Settings\montoyaa\My Documents\3dr trunk UPLOAD\3dr\testing\3DR_Testing\UploadTest.cs:line 275
at _3DR_Testing.GeneralUploadTest.RegularUpload(String mFileToUpload) in C:\Documents and Settings\montoyaa\My Documents\3dr trunk UPLOAD\3dr\testing\3DR_Testing\GeneralUploadTest.cs:line 69
]]></stack-trace>
                    </failure>
                  </test-case>
                  <test-case name="_3DR_Testing.GeneralUploadTest.RegularUpload(&quot;Rock.zip&quot;)" executed="True" result="Success" success="True" time="42.202" asserts="12" />
                  <test-case name="_3DR_Testing.GeneralUploadTest.RegularUpload(&quot;shelf.zip&quot;)" executed="True" result="Success" success="True" time="57.168" asserts="12" />
                  <test-case name="_3DR_Testing.GeneralUploadTest.RegularUpload(&quot;Sleeper.zip&quot;)" executed="True" result="Success" success="True" time="46.072" asserts="12" />
                  <test-case name="_3DR_Testing.GeneralUploadTest.RegularUpload(&quot;Sub_LAclass.zip&quot;)" executed="True" result="Success" success="True" time="48.823" asserts="12" />
                  <test-case name="_3DR_Testing.GeneralUploadTest.RegularUpload(&quot;toilet.zip&quot;)" executed="True" result="Success" success="True" time="20.364" asserts="2" />
                  <test-case name="_3DR_Testing.GeneralUploadTest.RegularUpload(&quot;tree.zip&quot;)" executed="True" result="Success" success="True" time="43.025" asserts="12" />
                  <test-case name="_3DR_Testing.GeneralUploadTest.RegularUpload(&quot;vp-collada-medieval-axe.zip&quot;)" executed="True" result="Error" success="False" time="145.737" asserts="4">
                    <failure>
                      <message><![CDATA[Selenium.SeleniumException : Timed out after 120000ms]]></message>
                      <stack-trace><![CDATA[at Selenium.HttpCommandProcessor.DoCommand(String command, String[] args)
at Selenium.DefaultSelenium.WaitForPageToLoad(String timeout)
at _3DR_Testing.UploadTest.TestUpload(String filename) in C:\Documents and Settings\montoyaa\My Documents\3dr trunk UPLOAD\3dr\testing\3DR_Testing\UploadTest.cs:line 273
at _3DR_Testing.GeneralUploadTest.RegularUpload(String mFileToUpload) in C:\Documents and Settings\montoyaa\My Documents\3dr trunk UPLOAD\3dr\testing\3DR_Testing\GeneralUploadTest.cs:line 69
]]></stack-trace>
                    </failure>
                  </test-case>
                  <test-case name="_3DR_Testing.GeneralUploadTest.RegularUpload(&quot;vp-collada-medieval-shield.zip&quot;)" executed="True" result="Success" success="True" time="42.017" asserts="12" />
                  <test-case name="_3DR_Testing.GeneralUploadTest.RegularUpload(&quot;vp-collada-spacestation.zip&quot;)" executed="True" result="Success" success="True" time="31.220" asserts="12" />
                  <test-case name="_3DR_Testing.GeneralUploadTest.RegularUpload(&quot;4_drawer_file_cabinet.zip&quot;)" executed="True" result="Success" success="True" time="13.516" asserts="2" />
                  <test-case name="_3DR_Testing.GeneralUploadTest.RegularUpload(&quot;Ak47.zip&quot;)" executed="True" result="Failure" success="False" time="34.079" asserts="5">
                    <failure>
                      <message><![CDATA[  Expected: True
  But was:  False
]]></message>
                      <stack-trace><![CDATA[at _3DR_Testing.UploadTest.TestUpload(String filename) in C:\Documents and Settings\montoyaa\My Documents\3dr trunk UPLOAD\3dr\testing\3DR_Testing\UploadTest.cs:line 275
at _3DR_Testing.GeneralUploadTest.RegularUpload(String mFileToUpload) in C:\Documents and Settings\montoyaa\My Documents\3dr trunk UPLOAD\3dr\testing\3DR_Testing\GeneralUploadTest.cs:line 69
]]></stack-trace>
                    </failure>
                  </test-case>
                  <test-case name="_3DR_Testing.GeneralUploadTest.RegularUpload(&quot;bench.zip&quot;)" executed="True" result="Success" success="True" time="36.392" asserts="12" />
                  <test-case name="_3DR_Testing.GeneralUploadTest.RegularUpload(&quot;Bookshelf.zip&quot;)" executed="True" result="Success" success="True" time="21.423" asserts="2" />
                  <test-case name="_3DR_Testing.GeneralUploadTest.RegularUpload(&quot;bradley.zip&quot;)" executed="True" result="Success" success="True" time="46.564" asserts="12" />
                  <test-case name="_3DR_Testing.GeneralUploadTest.RegularUpload(&quot;Building.zip&quot;)" executed="True" result="Success" success="True" time="34.218" asserts="2" />
                  <test-case name="_3DR_Testing.GeneralUploadTest.RegularUpload(&quot;coffeehouse.zip&quot;)" executed="True" result="Success" success="True" time="50.592" asserts="12" />
                  <test-case name="_3DR_Testing.GeneralUploadTest.RegularUpload(&quot;Defender25.zip&quot;)" executed="True" result="Success" success="True" time="59.654" asserts="12" />
                  <test-case name="_3DR_Testing.GeneralUploadTest.RegularUpload(&quot;Dragunov.zip&quot;)" executed="True" result="Success" success="True" time="44.842" asserts="12" />
                  <test-case name="_3DR_Testing.GeneralUploadTest.RegularUpload(&quot;DumpTruck.zip&quot;)" executed="True" result="Success" success="True" time="44.389" asserts="12" />
                  <test-case name="_3DR_Testing.GeneralUploadTest.RegularUpload(&quot;generator.zip&quot;)" executed="True" result="Success" success="True" time="23.343" asserts="2" />
                  <test-case name="_3DR_Testing.GeneralUploadTest.RegularUpload(&quot;HMMWV.zip&quot;)" executed="True" result="Success" success="True" time="54.358" asserts="12" />
                  <test-case name="_3DR_Testing.GeneralUploadTest.RegularUpload(&quot;M249SAW.zip&quot;)" executed="True" result="Error" success="False" time="63.356" asserts="4">
                    <failure>
                      <message><![CDATA[Selenium.SeleniumException : Timed out after 30000ms]]></message>
                      <stack-trace><![CDATA[at Selenium.HttpCommandProcessor.DoCommand(String command, String[] args)
at Selenium.DefaultSelenium.WaitForCondition(String script, String timeout)
at _3DR_Testing.UploadTest.TestUpload(String filename) in C:\Documents and Settings\montoyaa\My Documents\3dr trunk UPLOAD\3dr\testing\3DR_Testing\UploadTest.cs:line 247
at _3DR_Testing.GeneralUploadTest.RegularUpload(String mFileToUpload) in C:\Documents and Settings\montoyaa\My Documents\3dr trunk UPLOAD\3dr\testing\3DR_Testing\GeneralUploadTest.cs:line 69
]]></stack-trace>
                    </failure>
                  </test-case>
                  <test-case name="_3DR_Testing.GeneralUploadTest.RegularUpload(&quot;Mi24.zip&quot;)" executed="True" result="Success" success="True" time="63.778" asserts="12" />
                  <test-case name="_3DR_Testing.GeneralUploadTest.RegularUpload(&quot;office_desk.zip&quot;)" executed="True" result="Success" success="True" time="21.999" asserts="2" />
                  <test-case name="_3DR_Testing.GeneralUploadTest.RegularUpload(&quot;pallet_cement(2).zip&quot;)" executed="True" result="Error" success="False" time="94.776" asserts="4">
                    <failure>
                      <message><![CDATA[Selenium.SeleniumException : Timed out after 60000ms]]></message>
                      <stack-trace><![CDATA[at Selenium.HttpCommandProcessor.DoCommand(String command, String[] args)
at Selenium.DefaultSelenium.WaitForCondition(String script, String timeout)
at _3DR_Testing.UploadTest.TestUpload(String filename) in C:\Documents and Settings\montoyaa\My Documents\3dr trunk UPLOAD\3dr\testing\3DR_Testing\UploadTest.cs:line 237
at _3DR_Testing.GeneralUploadTest.RegularUpload(String mFileToUpload) in C:\Documents and Settings\montoyaa\My Documents\3dr trunk UPLOAD\3dr\testing\3DR_Testing\GeneralUploadTest.cs:line 69
]]></stack-trace>
                    </failure>
                  </test-case>
                  <test-case name="_3DR_Testing.GeneralUploadTest.RegularUpload(&quot;planter.zip&quot;)" executed="True" result="Success" success="True" time="38.560" asserts="12" />
                  <test-case name="_3DR_Testing.GeneralUploadTest.RegularUpload(&quot;RGP7.zip&quot;)" executed="True" result="Success" success="True" time="17.515" asserts="2" />
                  <test-case name="_3DR_Testing.GeneralUploadTest.RegularUpload(&quot;rpg.zip&quot;)" executed="True" result="Error" success="False" time="68.151" asserts="4">
                    <failure>
                      <message><![CDATA[Selenium.SeleniumException : Timed out after 30000ms]]></message>
                      <stack-trace><![CDATA[at Selenium.HttpCommandProcessor.DoCommand(String command, String[] args)
at Selenium.DefaultSelenium.WaitForCondition(String script, String timeout)
at _3DR_Testing.UploadTest.TestUpload(String filename) in C:\Documents and Settings\montoyaa\My Documents\3dr trunk UPLOAD\3dr\testing\3DR_Testing\UploadTest.cs:line 247
at _3DR_Testing.GeneralUploadTest.RegularUpload(String mFileToUpload) in C:\Documents and Settings\montoyaa\My Documents\3dr trunk UPLOAD\3dr\testing\3DR_Testing\GeneralUploadTest.cs:line 69
]]></stack-trace>
                    </failure>
                  </test-case>
                  <test-case name="_3DR_Testing.GeneralUploadTest.RegularUpload(&quot;sink.zip&quot;)" executed="True" result="Success" success="True" time="25.498" asserts="2" />
                  <test-case name="_3DR_Testing.GeneralUploadTest.RegularUpload(&quot;SU27.zip&quot;)" executed="True" result="Success" success="True" time="40.716" asserts="12" />
                  <test-case name="_3DR_Testing.GeneralUploadTest.RegularUpload(&quot;Table.zip&quot;)" executed="True" result="Success" success="True" time="43.091" asserts="12" />
                  <test-case name="_3DR_Testing.GeneralUploadTest.RegularUpload(&quot;travel_agency.zip&quot;)" executed="True" result="Success" success="True" time="54.606" asserts="12" />
                  <test-case name="_3DR_Testing.GeneralUploadTest.RegularUpload(&quot;Tug.zip&quot;)" executed="True" result="Error" success="False" time="64.933" asserts="4">
                    <failure>
                      <message><![CDATA[Selenium.SeleniumException : Timed out after 30000ms]]></message>
                      <stack-trace><![CDATA[at Selenium.HttpCommandProcessor.DoCommand(String command, String[] args)
at Selenium.DefaultSelenium.WaitForCondition(String script, String timeout)
at _3DR_Testing.UploadTest.TestUpload(String filename) in C:\Documents and Settings\montoyaa\My Documents\3dr trunk UPLOAD\3dr\testing\3DR_Testing\UploadTest.cs:line 247
at _3DR_Testing.GeneralUploadTest.RegularUpload(String mFileToUpload) in C:\Documents and Settings\montoyaa\My Documents\3dr trunk UPLOAD\3dr\testing\3DR_Testing\GeneralUploadTest.cs:line 69
]]></stack-trace>
                    </failure>
                  </test-case>
                  <test-case name="_3DR_Testing.GeneralUploadTest.RegularUpload(&quot;vp-collada-medieval-helmet.zip&quot;)" executed="True" result="Success" success="True" time="48.434" asserts="12" />
                  <test-case name="_3DR_Testing.GeneralUploadTest.RegularUpload(&quot;vp-collada-spacestation-damaged.zip&quot;)" executed="True" result="Error" success="False" time="62.511" asserts="4">
                    <failure>
                      <message><![CDATA[Selenium.SeleniumException : Timed out after 30000ms]]></message>
                      <stack-trace><![CDATA[at Selenium.HttpCommandProcessor.DoCommand(String command, String[] args)
at Selenium.DefaultSelenium.WaitForCondition(String script, String timeout)
at _3DR_Testing.UploadTest.TestUpload(String filename) in C:\Documents and Settings\montoyaa\My Documents\3dr trunk UPLOAD\3dr\testing\3DR_Testing\UploadTest.cs:line 247
at _3DR_Testing.GeneralUploadTest.RegularUpload(String mFileToUpload) in C:\Documents and Settings\montoyaa\My Documents\3dr trunk UPLOAD\3dr\testing\3DR_Testing\GeneralUploadTest.cs:line 69
]]></stack-trace>
                    </failure>
                  </test-case>
                  <test-case name="_3DR_Testing.GeneralUploadTest.RegularUpload(&quot;Wooden_bucket.zip&quot;)" executed="True" result="Success" success="True" time="55.137" asserts="12" />
                  <test-case name="_3DR_Testing.GeneralUploadTest.RegularUpload(&quot;mwrap.zip&quot;)" executed="True" result="Failure" success="False" time="76.323" asserts="12">
                    <failure>
                      <message><![CDATA[  Expected string length 1 but was 9. Strings differ at index 0.
  Expected: "?"
  But was:  "undefined"
  -----------^
]]></message>
                      <stack-trace><![CDATA[at _3DR_Testing.UploadTest.TestUpload(String filename) in C:\Documents and Settings\montoyaa\My Documents\3dr trunk UPLOAD\3dr\testing\3DR_Testing\UploadTest.cs:line 302
at _3DR_Testing.GeneralUploadTest.RegularUpload(String mFileToUpload) in C:\Documents and Settings\montoyaa\My Documents\3dr trunk UPLOAD\3dr\testing\3DR_Testing\GeneralUploadTest.cs:line 69
]]></stack-trace>
                    </failure>
                  </test-case>
                </results>
              </test-suite>
            </results>
          </test-suite>
        </results>
      </test-suite>
    </results>
  </test-suite>
</test-results>