<?xml version="1.0" encoding="utf-8" standalone="no"?>
<!--This file represents the results of running a test suite-->
<test-results name="C:\dev\3dr\trunk\testing\3DR_Testing\bin\Release\3DR_Testing.dll" total="1" errors="1" failures="0" not-run="0" inconclusive="0" ignored="0" skipped="0" invalid="0" date="2011-09-06" time="15:08:58">
  <environment nunit-version="2.5.9.10348" clr-version="2.0.50727.3623" os-version="Microsoft Windows NT 5.1.2600 Service Pack 3" platform="Win32NT" cwd="C:\Program Files\NUnit 2.5.9\bin\net-2.0" machine-name="ORL-MILLSJ" user="montoyaa" user-domain="ADL" />
  <culture-info current-culture="en-US" current-uiculture="en-US" />
  <test-suite type="Assembly" name="C:\dev\3dr\trunk\testing\3DR_Testing\bin\Release\3DR_Testing.dll" executed="True" result="Failure" success="False" time="16.328" asserts="0">
    <results>
      <test-suite type="Namespace" name="_3DR_Testing" executed="True" result="Failure" success="False" time="16.328" asserts="0">
        <results>
          <test-suite type="TestFixture" name="GeneralUploadTest" executed="True" result="Failure" success="False" time="16.328" asserts="0">
            <results>
              <test-suite type="ParameterizedTest" name="RegularUpload" executed="True" result="Failure" success="False" time="16.297" asserts="0">
                <results>
                  <test-case name="_3DR_Testing.GeneralUploadTest.RegularUpload(&quot;40ftContainer.zip&quot;)" executed="True" result="Error" success="False" time="16.297" asserts="1">
                    <failure>
                      <message><![CDATA[TearDown : NUnit.Framework.AssertionException :   Expected string length 0 but was 130. Strings differ at index 0.
  Expected: <string.Empty>
  But was:  "Error, C:\\Documents and Settings\\montoyaa\\My Documents\\3dr tr..."
  -----------^
]]></message>
                      <stack-trace><![CDATA[--TearDown
at _3DR_Testing.SeleniumTest.TeardownTest() in C:\dev\3dr\trunk\testing\3DR_Testing\SeleniumTest.cs:line 51
at _3DR_Testing.UploadTest.TeardownTest() in C:\dev\3dr\trunk\testing\3DR_Testing\UploadTest.cs:line 81
]]></stack-trace>
                    </failure>
                  </test-case>
                </results>
              </test-suite>
            </results>
          </test-suite>
        </results>
      </test-suite>
    </results>
  </test-suite>
</test-results>