<?xml version="1.0" encoding="utf-8" standalone="no"?>
<!--This file represents the results of running a test suite-->
<test-results name="C:\Documents and Settings\montoyaa\My Documents\3dr trunk UPLOAD\3dr\testing\3DR_Testing\bin\Release\3DR_Testing.dll" total="1" errors="0" failures="0" not-run="0" inconclusive="0" ignored="0" skipped="0" invalid="0" date="2011-03-17" time="16:10:14">
  <environment nunit-version="2.5.9.10348" clr-version="2.0.50727.3615" os-version="Microsoft Windows NT 5.1.2600 Service Pack 3" platform="Win32NT" cwd="C:\Program Files\NUnit 2.5.9\bin\net-2.0" machine-name="ORL-MILLSJ" user="montoyaa" user-domain="ADL" />
  <culture-info current-culture="en-US" current-uiculture="en-US" />
  <test-suite type="Assembly" name="C:\Documents and Settings\montoyaa\My Documents\3dr trunk UPLOAD\3dr\testing\3DR_Testing\bin\Release\3DR_Testing.dll" executed="True" result="Success" success="True" time="25.032" asserts="0">
    <results>
      <test-suite type="Namespace" name="_3DR_Testing" executed="True" result="Success" success="True" time="25.016" asserts="0">
        <results>
          <test-suite type="TestFixture" name="EditTest" executed="True" result="Success" success="True" time="25.016" asserts="0">
            <results>
              <test-case name="_3DR_Testing.EditTest.TestChangeAllFields" executed="True" result="Success" success="True" time="24.829" asserts="9" />
            </results>
          </test-suite>
        </results>
      </test-suite>
    </results>
  </test-suite>
</test-results>