<?xml version="1.0" encoding="utf-8" standalone="no"?>
<!--This file represents the results of running a test suite-->
<test-results name="C:\Documents and Settings\montoyaa\My Documents\3dr trunk UPLOAD\3dr\testing\3DR_Testing\bin\Release\3DR_Testing.dll" total="1" errors="1" failures="0" not-run="0" inconclusive="0" ignored="0" skipped="0" invalid="0" date="2011-03-18" time="11:36:45">
  <environment nunit-version="2.5.9.10348" clr-version="2.0.50727.3615" os-version="Microsoft Windows NT 5.1.2600 Service Pack 3" platform="Win32NT" cwd="C:\Program Files\NUnit 2.5.9\bin\net-2.0" machine-name="ORL-MILLSJ" user="montoyaa" user-domain="ADL" />
  <culture-info current-culture="en-US" current-uiculture="en-US" />
  <test-suite type="Assembly" name="C:\Documents and Settings\montoyaa\My Documents\3dr trunk UPLOAD\3dr\testing\3DR_Testing\bin\Release\3DR_Testing.dll" executed="True" result="Failure" success="False" time="89.362" asserts="0">
    <results>
      <test-suite type="Namespace" name="_3DR_Testing" executed="True" result="Failure" success="False" time="89.362" asserts="0">
        <results>
          <test-suite type="TestFixture" name="EditTest" executed="True" result="Failure" success="False" time="89.346" asserts="0">
            <results>
              <test-case name="_3DR_Testing.EditTest.TestChangeAllFields" executed="True" result="Error" success="False" time="89.143" asserts="1">
                <failure>
                  <message><![CDATA[Selenium.SeleniumException : Timed out after 30000ms]]></message>
                  <stack-trace><![CDATA[at Selenium.HttpCommandProcessor.DoCommand(String command, String[] args)
at Selenium.DefaultSelenium.Open(String url)
at _3DR_Testing.EditTest.TestChangeAllFields() in C:\Documents and Settings\montoyaa\My Documents\3dr trunk UPLOAD\3dr\testing\3DR_Testing\EditTest.cs:line 40
]]></stack-trace>
                </failure>
              </test-case>
            </results>
          </test-suite>
        </results>
      </test-suite>
    </results>
  </test-suite>
</test-results>