<?xml version="1.0" encoding="utf-8" standalone="no"?>
<!--This file represents the results of running a test suite-->
<test-results name="C:\Documents and Settings\montoyaa\My Documents\3DR_Testing\3DR_Testing\bin\Debug\3DR_Testing.dll" total="3" errors="3" failures="0" not-run="0" inconclusive="0" ignored="0" skipped="0" invalid="0" date="2011-01-19" time="13:58:24">
  <environment nunit-version="2.5.9.10348" clr-version="2.0.50727.3615" os-version="Microsoft Windows NT 5.1.2600 Service Pack 3" platform="Win32NT" cwd="C:\Documents and Settings\montoyaa\My Documents\3DR_Testing\3DR_Testing\bin\Debug" machine-name="ORL-MILLSJ" user="montoyaa" user-domain="ADL" />
  <culture-info current-culture="en-US" current-uiculture="en-US" />
  <test-suite type="Assembly" name="C:\Documents and Settings\montoyaa\My Documents\3DR_Testing\3DR_Testing\bin\Debug\3DR_Testing.dll" executed="False" result="Cancelled">
    <results>
      <test-suite type="Namespace" name="_3DR_Testing" executed="False" result="Cancelled">
        <results>
          <test-suite type="Namespace" name="DamagedFiles" executed="False" result="Cancelled">
            <results>
              <test-suite type="TestFixture" name="FF_DamagedFiles" executed="False" result="Cancelled">
                <results>
                  <test-case name="_3DR_Testing.DamagedFiles.FF_DamagedFiles.Damaged3DS" executed="True" result="Error" success="False" time="32.439" asserts="1">
                    <failure>
                      <message><![CDATA[Selenium.SeleniumException : XHR ERROR: URL = http://10.100.10.84/Default.aspx Response_Code = -1 Error_Message = Request Error]]></message>
                      <stack-trace><![CDATA[at Selenium.HttpCommandProcessor.DoCommand(String command, String[] args) in c:\hudson\workspace\selenium-rc-trunk-win-headless\trunk\clients\dotnet\src\Core\HttpCommandProcessor.cs:line 98
at Selenium.DefaultSelenium.Open(String url) in c:\hudson\workspace\selenium-rc-trunk-win-headless\trunk\clients\dotnet\src\Core\DefaultSelenium.cs:line 617
at _3DR_Testing.DamagedFiles.FF_DamagedFiles.Upload(String mFileToUpload) in C:\Development\_3DR_Testing\3DR_Testing\3DR_Testing\DamagedFiles.cs:line 117
at _3DR_Testing.DamagedFiles.FF_DamagedFiles.Damaged3DS() in C:\Development\_3DR_Testing\3DR_Testing\3DR_Testing\DamagedFiles.cs:line 81
]]></stack-trace>
                    </failure>
                  </test-case>
                  <test-case name="_3DR_Testing.DamagedFiles.FF_DamagedFiles.DamagedDAE" executed="True" result="Error" success="False" time="26.048" asserts="1">
                    <failure>
                      <message><![CDATA[Selenium.SeleniumException : XHR ERROR: URL = http://10.100.10.84/Default.aspx Response_Code = -1 Error_Message = Request Error]]></message>
                      <stack-trace><![CDATA[at Selenium.HttpCommandProcessor.DoCommand(String command, String[] args) in c:\hudson\workspace\selenium-rc-trunk-win-headless\trunk\clients\dotnet\src\Core\HttpCommandProcessor.cs:line 98
at Selenium.DefaultSelenium.Open(String url) in c:\hudson\workspace\selenium-rc-trunk-win-headless\trunk\clients\dotnet\src\Core\DefaultSelenium.cs:line 617
at _3DR_Testing.DamagedFiles.FF_DamagedFiles.Upload(String mFileToUpload) in C:\Development\_3DR_Testing\3DR_Testing\3DR_Testing\DamagedFiles.cs:line 117
at _3DR_Testing.DamagedFiles.FF_DamagedFiles.DamagedDAE() in C:\Development\_3DR_Testing\3DR_Testing\3DR_Testing\DamagedFiles.cs:line 61
]]></stack-trace>
                    </failure>
                  </test-case>
                  <test-case name="_3DR_Testing.DamagedFiles.FF_DamagedFiles.DamagedFBX" executed="False" result="Cancelled">
                    <failure>
                      <message><![CDATA[Test cancelled by user]]></message>
                      <stack-trace><![CDATA[at System.RuntimeMethodHandle._InvokeMethodFast(Object target, Object[] arguments, SignatureStruct& sig, MethodAttributes methodAttributes, RuntimeTypeHandle typeOwner)
at System.RuntimeMethodHandle.InvokeMethodFast(Object target, Object[] arguments, Signature sig, MethodAttributes methodAttributes, RuntimeTypeHandle typeOwner)
at System.Reflection.RuntimeMethodInfo.Invoke(Object obj, BindingFlags invokeAttr, Binder binder, Object[] parameters, CultureInfo culture, Boolean skipVisibilityChecks)
at System.Reflection.RuntimeMethodInfo.Invoke(Object obj, BindingFlags invokeAttr, Binder binder, Object[] parameters, CultureInfo culture)
at NUnit.Core.Reflect.InvokeMethod(MethodInfo method, Object fixture, Object[] args)
at NUnit.Core.TestMethod.RunTestMethod(TestResult testResult)
at NUnit.Core.TestMethod.RunTestCase(TestResult testResult)
]]></stack-trace>
                    </failure>
                  </test-case>
                </results>
              </test-suite>
            </results>
          </test-suite>
        </results>
      </test-suite>
    </results>
  </test-suite>
</test-results>